<?xml version="1.0" encoding="UTF-8"?>
<testng-results skipped="0" failed="0" ignored="0" total="1" passed="1">
  <reporter-output>
  </reporter-output>
  <suite name="Default suite" duration-ms="8111" started-at="2020-03-31T15:07:44Z" finished-at="2020-03-31T15:07:52Z">
    <groups>
    </groups>
    <test name="Default test" duration-ms="8111" started-at="2020-03-31T15:07:44Z" finished-at="2020-03-31T15:07:52Z">
      <class name="test.FirstSelenium">
        <test-method status="PASS" signature="loadPageTest()[pri:0, instance:test.FirstSelenium@28feb3fa]" name="loadPageTest" duration-ms="8092" started-at="2020-03-31T15:07:44Z" finished-at="2020-03-31T15:07:52Z">
          <reporter-output>
          </reporter-output>
        </test-method> <!-- loadPageTest -->
      </class> <!-- test.FirstSelenium -->
    </test> <!-- Default test -->
  </suite> <!-- Default suite -->
</testng-results>
