<?xml version="1.0" encoding="UTF-8"?>
<testng-results skipped="0" failed="0" ignored="0" total="1" passed="1">
  <reporter-output>
  </reporter-output>
  <suite name="Default suite" duration-ms="8443" started-at="2020-04-03T07:51:27Z" finished-at="2020-04-03T07:51:36Z">
    <groups>
    </groups>
    <test name="Default test" duration-ms="8443" started-at="2020-04-03T07:51:27Z" finished-at="2020-04-03T07:51:36Z">
      <class name="test.FirstSeleniumTest">
        <test-method status="PASS" signature="testRunner()[pri:0, instance:test.FirstSeleniumTest@28feb3fa]" name="testRunner" duration-ms="8421" started-at="2020-04-03T07:51:27Z" finished-at="2020-04-03T07:51:36Z">
          <reporter-output>
          </reporter-output>
        </test-method> <!-- testRunner -->
      </class> <!-- test.FirstSeleniumTest -->
    </test> <!-- Default test -->
  </suite> <!-- Default suite -->
</testng-results>
