<?xml version="1.0" encoding="UTF-8"?>
<testng-results skipped="0" failed="0" ignored="0" total="1" passed="1">
  <reporter-output>
  </reporter-output>
  <suite name="Suite" duration-ms="9975" started-at="2020-03-27T11:54:44Z" finished-at="2020-03-27T11:54:54Z">
    <groups>
    </groups>
    <test name="Test" duration-ms="9975" started-at="2020-03-27T11:54:44Z" finished-at="2020-03-27T11:54:54Z">
      <class name="test.FirstSelenium">
        <test-method status="PASS" signature="loadPageTest()[pri:0, instance:test.FirstSelenium@28feb3fa]" name="loadPageTest" duration-ms="9958" started-at="2020-03-27T11:54:44Z" finished-at="2020-03-27T11:54:54Z">
          <reporter-output>
          </reporter-output>
        </test-method> <!-- loadPageTest -->
      </class> <!-- test.FirstSelenium -->
    </test> <!-- Test -->
  </suite> <!-- Suite -->
</testng-results>
